0 verbose cli /usr/bin/node /usr/bin/npm
1 info using npm@9.2.0
2 info using node@v18.19.1
3 timing npm:load:whichnode Completed in 0ms
4 timing config:load:defaults Completed in 2ms
5 timing config:load:file:/usr/share/nodejs/npm/npmrc Completed in 2ms
6 timing config:load:builtin Completed in 2ms
7 timing config:load:cli Completed in 2ms
8 timing config:load:env Completed in 0ms
9 timing config:load:file:/home/deployer/app/.npmrc Completed in 0ms
10 timing config:load:project Completed in 3ms
11 timing config:load:file:/home/deployer/.npmrc Completed in 0ms
12 timing config:load:user Completed in 0ms
13 timing config:load:file:/etc/npmrc Completed in 0ms
14 timing config:load:global Completed in 1ms
15 timing config:load:setEnvs Completed in 1ms
16 timing config:load Completed in 12ms
17 timing npm:load:configload Completed in 13ms
18 timing npm:load:mkdirpcache Completed in 0ms
19 timing npm:load:mkdirplogs Completed in 0ms
20 verbose title npm install
21 verbose argv "install" "--package-lock-only"
22 timing npm:load:setTitle Completed in 2ms
23 timing config:load:flatten Completed in 4ms
24 timing npm:load:display Completed in 5ms
25 verbose logfile logs-max:10 dir:/home/deployer/.npm/_logs/2025-12-05T11_18_12_369Z-
26 verbose logfile /home/deployer/.npm/_logs/2025-12-05T11_18_12_369Z-debug-0.log
27 timing npm:load:logFile Completed in 9ms
28 timing npm:load:timers Completed in 0ms
29 timing npm:load:configScope Completed in 0ms
30 timing npm:load Completed in 29ms
31 timing config:load:flatten Completed in 0ms
32 timing arborist:ctor Completed in 1ms
33 silly logfile done cleaning log files
34 timing idealTree:init Completed in 294ms
35 timing idealTree:userRequests Completed in 0ms
36 silly idealTree buildDeps
37 timing idealTree:#root Completed in 0ms
38 timing idealTree:buildDeps Completed in 2ms
39 timing idealTree:fixDepFlags Completed in 0ms
40 timing idealTree Completed in 305ms
41 timing reify:loadTrees Completed in 305ms
42 silly audit bulk request {
42 silly audit   '@babel/code-frame': [ '7.27.1' ],
42 silly audit   '@babel/compat-data': [ '7.28.5' ],
42 silly audit   '@babel/core': [ '7.28.5' ],
42 silly audit   debug: [ '4.4.3', '2.6.9' ],
42 silly audit   ms: [ '2.1.3', '2.0.0' ],
42 silly audit   '@babel/generator': [ '7.28.5' ],
42 silly audit   '@babel/helper-compilation-targets': [ '7.27.2' ],
42 silly audit   '@babel/helper-globals': [ '7.28.0' ],
42 silly audit   '@babel/helper-module-imports': [ '7.27.1' ],
42 silly audit   '@babel/helper-module-transforms': [ '7.28.3' ],
42 silly audit   '@babel/helper-plugin-utils': [ '7.27.1' ],
42 silly audit   '@babel/helper-string-parser': [ '7.27.1' ],
42 silly audit   '@babel/helper-validator-identifier': [ '7.28.5' ],
42 silly audit   '@babel/helper-validator-option': [ '7.27.1' ],
42 silly audit   '@babel/helpers': [ '7.28.4' ],
42 silly audit   '@babel/parser': [ '7.28.5' ],
42 silly audit   '@babel/plugin-syntax-async-generators': [ '7.8.4' ],
42 silly audit   '@babel/plugin-syntax-bigint': [ '7.8.3' ],
42 silly audit   '@babel/plugin-syntax-class-properties': [ '7.12.13' ],
42 silly audit   '@babel/plugin-syntax-class-static-block': [ '7.14.5' ],
42 silly audit   '@babel/plugin-syntax-import-attributes': [ '7.27.1' ],
42 silly audit   '@babel/plugin-syntax-import-meta': [ '7.10.4' ],
42 silly audit   '@babel/plugin-syntax-json-strings': [ '7.8.3' ],
42 silly audit   '@babel/plugin-syntax-jsx': [ '7.27.1' ],
42 silly audit   '@babel/plugin-syntax-logical-assignment-operators': [ '7.10.4' ],
42 silly audit   '@babel/plugin-syntax-nullish-coalescing-operator': [ '7.8.3' ],
42 silly audit   '@babel/plugin-syntax-numeric-separator': [ '7.10.4' ],
42 silly audit   '@babel/plugin-syntax-object-rest-spread': [ '7.8.3' ],
42 silly audit   '@babel/plugin-syntax-optional-catch-binding': [ '7.8.3' ],
42 silly audit   '@babel/plugin-syntax-optional-chaining': [ '7.8.3' ],
42 silly audit   '@babel/plugin-syntax-private-property-in-object': [ '7.14.5' ],
42 silly audit   '@babel/plugin-syntax-top-level-await': [ '7.14.5' ],
42 silly audit   '@babel/plugin-syntax-typescript': [ '7.27.1' ],
42 silly audit   '@babel/template': [ '7.27.2' ],
42 silly audit   '@babel/traverse': [ '7.28.5' ],
42 silly audit   '@babel/types': [ '7.28.5' ],
42 silly audit   '@bcoe/v8-coverage': [ '0.2.3' ],
42 silly audit   '@istanbuljs/load-nyc-config': [ '1.1.0' ],
42 silly audit   '@istanbuljs/schema': [ '0.1.3' ],
42 silly audit   '@jest/console': [ '29.7.0' ],
42 silly audit   '@jest/core': [ '29.7.0' ],
42 silly audit   '@jest/environment': [ '29.7.0' ],
42 silly audit   '@jest/expect': [ '29.7.0' ],
42 silly audit   '@jest/expect-utils': [ '29.7.0' ],
42 silly audit   '@jest/fake-timers': [ '29.7.0' ],
42 silly audit   '@jest/globals': [ '29.7.0' ],
42 silly audit   '@jest/reporters': [ '29.7.0' ],
42 silly audit   '@jest/schemas': [ '29.6.3' ],
42 silly audit   '@jest/source-map': [ '29.6.3' ],
42 silly audit   '@jest/test-result': [ '29.7.0' ],
42 silly audit   '@jest/test-sequencer': [ '29.7.0' ],
42 silly audit   '@jest/transform': [ '29.7.0' ],
42 silly audit   '@jest/types': [ '29.6.3' ],
42 silly audit   '@jridgewell/gen-mapping': [ '0.3.13' ],
42 silly audit   '@jridgewell/remapping': [ '2.3.5' ],
42 silly audit   '@jridgewell/resolve-uri': [ '3.1.2' ],
42 silly audit   '@jridgewell/sourcemap-codec': [ '1.5.5' ],
42 silly audit   '@jridgewell/trace-mapping': [ '0.3.31' ],
42 silly audit   '@noble/hashes': [ '1.8.0' ],
42 silly audit   '@paralleldrive/cuid2': [ '2.3.1' ],
42 silly audit   '@sinclair/typebox': [ '0.27.8' ],
42 silly audit   '@sinonjs/commons': [ '3.0.1' ],
42 silly audit   '@sinonjs/fake-timers': [ '10.3.0' ],
42 silly audit   '@types/babel__core': [ '7.20.5' ],
42 silly audit   '@types/babel__generator': [ '7.27.0' ],
42 silly audit   '@types/babel__template': [ '7.4.4' ],
42 silly audit   '@types/babel__traverse': [ '7.28.0' ],
42 silly audit   '@types/graceful-fs': [ '4.1.9' ],
42 silly audit   '@types/istanbul-lib-coverage': [ '2.0.6' ],
42 silly audit   '@types/istanbul-lib-report': [ '3.0.3' ],
42 silly audit   '@types/istanbul-reports': [ '3.0.4' ],
42 silly audit   '@types/node': [ '24.10.1' ],
42 silly audit   '@types/stack-utils': [ '2.0.3' ],
42 silly audit   '@types/yargs': [ '17.0.35' ],
42 silly audit   '@types/yargs-parser': [ '21.0.3' ],
42 silly audit   accepts: [ '1.3.8' ],
42 silly audit   'ansi-escapes': [ '4.3.2' ],
42 silly audit   'ansi-regex': [ '5.0.1' ],
42 silly audit   'ansi-styles': [ '4.3.0', '5.2.0' ],
42 silly audit   anymatch: [ '3.1.3' ],
42 silly audit   argparse: [ '1.0.10' ],
42 silly audit   'array-flatten': [ '1.1.1' ],
42 silly audit   asap: [ '2.0.6' ],
42 silly audit   asynckit: [ '0.4.0' ],
42 silly audit   'babel-jest': [ '29.7.0' ],
42 silly audit   'babel-plugin-istanbul': [ '6.1.1' ],
42 silly audit   'istanbul-lib-instrument': [ '5.2.1', '6.0.3' ],
42 silly audit   'babel-plugin-jest-hoist': [ '29.6.3' ],
42 silly audit   'babel-preset-current-node-syntax': [ '1.2.0' ],
42 silly audit   'babel-preset-jest': [ '29.6.3' ],
42 silly audit   'balanced-match': [ '1.0.2' ],
42 silly audit   'baseline-browser-mapping': [ '2.9.2' ],
42 silly audit   'binary-extensions': [ '2.3.0' ],
42 silly audit   'body-parser': [ '1.20.4' ],
42 silly audit   'brace-expansion': [ '1.1.12' ],
42 silly audit   braces: [ '3.0.3' ],
42 silly audit   browserslist: [ '4.28.1' ],
42 silly audit   bser: [ '2.1.1' ],
42 silly audit   'buffer-from': [ '1.1.2' ],
42 silly audit   bytes: [ '3.1.2' ],
42 silly audit   'call-bind-apply-helpers': [ '1.0.2' ],
42 silly audit   'call-bound': [ '1.0.4' ],
42 silly audit   callsites: [ '3.1.0' ],
42 silly audit   camelcase: [ '5.3.1', '6.3.0' ],
42 silly audit   'caniuse-lite': [ '1.0.30001759' ],
42 silly audit   chalk: [ '4.1.2' ],
42 silly audit   'char-regex': [ '1.0.2' ],
42 silly audit   chokidar: [ '3.6.0' ],
42 silly audit   'ci-info': [ '3.9.0' ],
42 silly audit   'cjs-module-lexer': [ '1.4.3' ],
42 silly audit   cliui: [ '8.0.1' ],
42 silly audit   co: [ '4.6.0' ],
42 silly audit   'collect-v8-coverage': [ '1.0.3' ],
42 silly audit   'color-convert': [ '2.0.1' ],
42 silly audit   'color-name': [ '1.1.4' ],
42 silly audit   'combined-stream': [ '1.0.8' ],
42 silly audit   'component-emitter': [ '1.3.1' ],
42 silly audit   'concat-map': [ '0.0.1' ],
42 silly audit   'content-disposition': [ '0.5.4' ],
42 silly audit   'content-type': [ '1.0.5' ],
42 silly audit   'convert-source-map': [ '2.0.0' ],
42 silly audit   cookie: [ '0.7.2' ],
42 silly audit   'cookie-signature': [ '1.0.7' ],
42 silly audit   cookiejar: [ '2.1.4' ],
42 silly audit   'create-jest': [ '29.7.0' ],
42 silly audit   'cross-spawn': [ '7.0.6' ],
42 silly audit   dedent: [ '1.7.0' ],
42 silly audit   deepmerge: [ '4.3.1' ],
42 silly audit   'delayed-stream': [ '1.0.0' ],
42 silly audit   depd: [ '2.0.0' ],
42 silly audit   destroy: [ '1.2.0' ],
42 silly audit   'detect-newline': [ '3.1.0' ],
42 silly audit   dezalgo: [ '1.0.4' ],
42 silly audit   'diff-sequences': [ '29.6.3' ],
42 silly audit   'dunder-proto': [ '1.0.1' ],
42 silly audit   'ee-first': [ '1.1.1' ],
42 silly audit   'electron-to-chromium': [ '1.5.266' ],
42 silly audit   emittery: [ '0.13.1' ],
42 silly audit   'emoji-regex': [ '8.0.0' ],
42 silly audit   encodeurl: [ '2.0.0', '1.0.2' ],
42 silly audit   'error-ex': [ '1.3.4' ],
42 silly audit   'es-define-property': [ '1.0.1' ],
42 silly audit   'es-errors': [ '1.3.0' ],
42 silly audit   'es-object-atoms': [ '1.1.1' ],
42 silly audit   'es-set-tostringtag': [ '2.1.0' ],
42 silly audit   escalade: [ '3.2.0' ],
42 silly audit   'escape-html': [ '1.0.3' ],
42 silly audit   'escape-string-regexp': [ '2.0.0' ],
42 silly audit   esprima: [ '4.0.1' ],
42 silly audit   etag: [ '1.8.1' ],
42 silly audit   execa: [ '5.1.1' ],
42 silly audit   exit: [ '0.1.2' ],
42 silly audit   expect: [ '29.7.0' ],
42 silly audit   express: [ '4.22.1' ],
42 silly audit   'fast-json-stable-stringify': [ '2.1.0' ],
42 silly audit   'fast-safe-stringify': [ '2.1.1' ],
42 silly audit   'fb-watchman': [ '2.0.2' ],
42 silly audit   'fill-range': [ '7.1.1' ],
42 silly audit   finalhandler: [ '1.3.2' ],
42 silly audit   'find-up': [ '4.1.0' ],
42 silly audit   'form-data': [ '4.0.5' ],
42 silly audit   formidable: [ '2.1.5' ],
42 silly audit   forwarded: [ '0.2.0' ],
42 silly audit   fresh: [ '0.5.2' ],
42 silly audit   'fs.realpath': [ '1.0.0' ],
42 silly audit   fsevents: [ '2.3.3' ],
42 silly audit   'function-bind': [ '1.1.2' ],
42 silly audit   gensync: [ '1.0.0-beta.2' ],
42 silly audit   'get-caller-file': [ '2.0.5' ],
42 silly audit   'get-intrinsic': [ '1.3.0' ],
42 silly audit   'get-package-type': [ '0.1.0' ],
42 silly audit   'get-proto': [ '1.0.1' ],
42 silly audit   'get-stream': [ '6.0.1' ],
42 silly audit   glob: [ '7.2.3' ],
42 silly audit   'glob-parent': [ '5.1.2' ],
42 silly audit   gopd: [ '1.2.0' ],
42 silly audit   'graceful-fs': [ '4.2.11' ],
42 silly audit   'has-flag': [ '4.0.0', '3.0.0' ],
42 silly audit   'has-symbols': [ '1.1.0' ],
42 silly audit   'has-tostringtag': [ '1.0.2' ],
42 silly audit   hasown: [ '2.0.2' ],
42 silly audit   'html-escaper': [ '2.0.2' ],
42 silly audit   'http-errors': [ '2.0.1', '2.0.0' ],
42 silly audit   'human-signals': [ '2.1.0' ],
42 silly audit   'iconv-lite': [ '0.4.24' ],
42 silly audit   'ignore-by-default': [ '1.0.1' ],
42 silly audit   'import-local': [ '3.2.0' ],
42 silly audit   imurmurhash: [ '0.1.4' ],
42 silly audit   inflight: [ '1.0.6' ],
42 silly audit   inherits: [ '2.0.4' ],
42 silly audit   'ipaddr.js': [ '1.9.1' ],
42 silly audit   'is-arrayish': [ '0.2.1' ],
42 silly audit   'is-binary-path': [ '2.1.0' ],
42 silly audit   'is-core-module': [ '2.16.1' ],
42 silly audit   'is-extglob': [ '2.1.1' ],
42 silly audit   'is-fullwidth-code-point': [ '3.0.0' ],
42 silly audit   'is-generator-fn': [ '2.1.0' ],
42 silly audit   'is-glob': [ '4.0.3' ],
42 silly audit   'is-number': [ '7.0.0' ],
42 silly audit   'is-stream': [ '2.0.1' ],
42 silly audit   isexe: [ '2.0.0' ],
42 silly audit   'istanbul-lib-coverage': [ '3.2.2' ],
42 silly audit   semver: [ '7.7.3', '6.3.1' ],
42 silly audit   'istanbul-lib-report': [ '3.0.1' ],
42 silly audit   'istanbul-lib-source-maps': [ '4.0.1' ],
42 silly audit   'istanbul-reports': [ '3.2.0' ],
42 silly audit   jest: [ '29.7.0' ],
42 silly audit   'jest-changed-files': [ '29.7.0' ],
42 silly audit   'jest-circus': [ '29.7.0' ],
42 silly audit   'jest-cli': [ '29.7.0' ],
42 silly audit   'jest-config': [ '29.7.0' ],
42 silly audit   'jest-diff': [ '29.7.0' ],
42 silly audit   'jest-docblock': [ '29.7.0' ],
42 silly audit   'jest-each': [ '29.7.0' ],
42 silly audit   'jest-environment-node': [ '29.7.0' ],
42 silly audit   'jest-get-type': [ '29.6.3' ],
42 silly audit   'jest-haste-map': [ '29.7.0' ],
42 silly audit   'jest-leak-detector': [ '29.7.0' ],
42 silly audit   'jest-matcher-utils': [ '29.7.0' ],
42 silly audit   'jest-message-util': [ '29.7.0' ],
42 silly audit   'jest-mock': [ '29.7.0' ],
42 silly audit   'jest-pnp-resolver': [ '1.2.3' ],
42 silly audit   'jest-regex-util': [ '29.6.3' ],
42 silly audit   'jest-resolve': [ '29.7.0' ],
42 silly audit   'jest-resolve-dependencies': [ '29.7.0' ],
42 silly audit   'jest-runner': [ '29.7.0' ],
42 silly audit   'jest-runtime': [ '29.7.0' ],
42 silly audit   'jest-snapshot': [ '29.7.0' ],
42 silly audit   'jest-util': [ '29.7.0' ],
42 silly audit   'jest-validate': [ '29.7.0' ],
42 silly audit   'jest-watcher': [ '29.7.0' ],
42 silly audit   'jest-worker': [ '29.7.0' ],
42 silly audit   'supports-color': [ '8.1.1', '5.5.0', '7.2.0' ],
42 silly audit   'js-tokens': [ '4.0.0' ],
42 silly audit   'js-yaml': [ '3.14.2' ],
42 silly audit   jsesc: [ '3.1.0' ],
42 silly audit   'json-parse-even-better-errors': [ '2.3.1' ],
42 silly audit   json5: [ '2.2.3' ],
42 silly audit   kleur: [ '3.0.3' ],
42 silly audit   leven: [ '3.1.0' ],
42 silly audit   'lines-and-columns': [ '1.2.4' ],
42 silly audit   'locate-path': [ '5.0.0' ],
42 silly audit   'lru-cache': [ '5.1.1' ],
42 silly audit   'make-dir': [ '4.0.0' ],
42 silly audit   makeerror: [ '1.0.12' ],
42 silly audit   'math-intrinsics': [ '1.1.0' ],
42 silly audit   'media-typer': [ '0.3.0' ],
42 silly audit   'merge-descriptors': [ '1.0.3' ],
42 silly audit   'merge-stream': [ '2.0.0' ],
42 silly audit   methods: [ '1.1.2' ],
42 silly audit   micromatch: [ '4.0.8' ],
42 silly audit   mime: [ '1.6.0', '2.6.0' ],
42 silly audit   'mime-db': [ '1.52.0' ],
42 silly audit   'mime-types': [ '2.1.35' ],
42 silly audit   'mimic-fn': [ '2.1.0' ],
42 silly audit   minimatch: [ '3.1.2' ],
42 silly audit   'natural-compare': [ '1.4.0' ],
42 silly audit   negotiator: [ '0.6.3' ],
42 silly audit   'node-int64': [ '0.4.0' ],
42 silly audit   'node-releases': [ '2.0.27' ],
42 silly audit   nodemon: [ '3.1.11' ],
42 silly audit   'normalize-path': [ '3.0.0' ],
42 silly audit   'npm-run-path': [ '4.0.1' ],
42 silly audit   'object-inspect': [ '1.13.4' ],
42 silly audit   'on-finished': [ '2.4.1' ],
42 silly audit   once: [ '1.4.0' ],
42 silly audit   onetime: [ '5.1.2' ],
42 silly audit   'p-limit': [ '3.1.0', '2.3.0' ],
42 silly audit   'p-locate': [ '4.1.0' ],
42 silly audit   'p-try': [ '2.2.0' ],
42 silly audit   'parse-json': [ '5.2.0' ],
42 silly audit   parseurl: [ '1.3.3' ],
42 silly audit   'path-exists': [ '4.0.0' ],
42 silly audit   'path-is-absolute': [ '1.0.1' ],
42 silly audit   'path-key': [ '3.1.1' ],
42 silly audit   'path-parse': [ '1.0.7' ],
42 silly audit   'path-to-regexp': [ '0.1.12' ],
42 silly audit   picocolors: [ '1.1.1' ],
42 silly audit   picomatch: [ '2.3.1' ],
42 silly audit   pirates: [ '4.0.7' ],
42 silly audit   'pkg-dir': [ '4.2.0' ],
42 silly audit   'pretty-format': [ '29.7.0' ],
42 silly audit   prompts: [ '2.4.2' ],
42 silly audit   'proxy-addr': [ '2.0.7' ],
42 silly audit   'pstree.remy': [ '1.1.8' ],
42 silly audit   'pure-rand': [ '6.1.0' ],
42 silly audit   qs: [ '6.14.0' ],
42 silly audit   'range-parser': [ '1.2.1' ],
42 silly audit   'raw-body': [ '2.5.3' ],
42 silly audit   'react-is': [ '18.3.1' ],
42 silly audit   readdirp: [ '3.6.0' ],
42 silly audit   'require-directory': [ '2.1.1' ],
42 silly audit   resolve: [ '1.22.11' ],
42 silly audit   'resolve-cwd': [ '3.0.0' ],
42 silly audit   'resolve-from': [ '5.0.0' ],
42 silly audit   'resolve.exports': [ '2.0.3' ],
42 silly audit   'safe-buffer': [ '5.2.1' ],
42 silly audit   'safer-buffer': [ '2.1.2' ],
42 silly audit   send: [ '0.19.1', '0.19.0' ],
42 silly audit   statuses: [ '2.0.1', '2.0.2' ],
42 silly audit   'serve-static': [ '1.16.2' ],
42 silly audit   setprototypeof: [ '1.2.0' ],
42 silly audit   'shebang-command': [ '2.0.0' ],
42 silly audit   'shebang-regex': [ '3.0.0' ],
42 silly audit   'side-channel': [ '1.1.0' ],
42 silly audit   'side-channel-list': [ '1.0.0' ],
42 silly audit   'side-channel-map': [ '1.0.1' ],
42 silly audit   'side-channel-weakmap': [ '1.0.2' ],
42 silly audit   'signal-exit': [ '3.0.7' ],
42 silly audit   'simple-update-notifier': [ '2.0.0' ],
42 silly audit   sisteransi: [ '1.0.5' ],
42 silly audit   slash: [ '3.0.0' ],
42 silly audit   'source-map': [ '0.6.1' ],
42 silly audit   'source-map-support': [ '0.5.13' ],
42 silly audit   'sprintf-js': [ '1.0.3' ],
42 silly audit   'stack-utils': [ '2.0.6' ],
42 silly audit   'string-length': [ '4.0.2' ],
42 silly audit   'string-width': [ '4.2.3' ],
42 silly audit   'strip-ansi': [ '6.0.1' ],
42 silly audit   'strip-bom': [ '4.0.0' ],
42 silly audit   'strip-final-newline': [ '2.0.0' ],
42 silly audit   'strip-json-comments': [ '3.1.1' ],
42 silly audit   superagent: [ '8.1.2' ],
42 silly audit   supertest: [ '6.3.4' ],
42 silly audit   'supports-preserve-symlinks-flag': [ '1.0.0' ],
42 silly audit   'test-exclude': [ '6.0.0' ],
42 silly audit   tmpl: [ '1.0.5' ],
42 silly audit   'to-regex-range': [ '5.0.1' ],
42 silly audit   toidentifier: [ '1.0.1' ],
42 silly audit   touch: [ '3.1.1' ],
42 silly audit   'type-detect': [ '4.0.8' ],
42 silly audit   'type-fest': [ '0.21.3' ],
42 silly audit   'type-is': [ '1.6.18' ],
42 silly audit   undefsafe: [ '2.0.5' ],
42 silly audit   'undici-types': [ '7.16.0' ],
42 silly audit   unpipe: [ '1.0.0' ],
42 silly audit   'update-browserslist-db': [ '1.2.2' ],
42 silly audit   'utils-merge': [ '1.0.1' ],
42 silly audit   'v8-to-istanbul': [ '9.3.0' ],
42 silly audit   vary: [ '1.1.2' ],
42 silly audit   walker: [ '1.0.8' ],
42 silly audit   which: [ '2.0.2' ],
42 silly audit   'wrap-ansi': [ '7.0.0' ],
42 silly audit   wrappy: [ '1.0.2' ],
42 silly audit   'write-file-atomic': [ '4.0.2' ],
42 silly audit   y18n: [ '5.0.8' ],
42 silly audit   yallist: [ '3.1.1' ],
42 silly audit   yargs: [ '17.7.2' ],
42 silly audit   'yargs-parser': [ '21.1.1' ],
42 silly audit   'yocto-queue': [ '0.1.0' ]
42 silly audit }
43 timing reify:save Completed in 156ms
44 http fetch POST 200 https://registry.npmjs.org/-/npm/v1/security/advisories/bulk 358ms
45 timing auditReport:getReport Completed in 367ms
46 silly audit report {}
47 timing auditReport:init Completed in 0ms
48 timing reify:audit Completed in 369ms
49 timing reify Completed in 676ms
50 timing command:install Completed in 689ms
51 verbose exit 0
52 timing npm Completed in 733ms
53 info ok
